<?xml version="1.0" encoding="UTF-8"?>
<!-- Generated by org.testng.reporters.JUnitReportReporter -->
<testsuite skipped="0" hostname="LAPTOP-19BM5E17" name="demoTest.LogIn" tests="1" failures="0" timestamp="13 Aug 2017 14:42:46 GMT" time="3.825" errors="0">
  <testcase name="LogIn1" time="3.825" classname="demoTest.LogIn"/>
</testsuite> <!-- demoTest.LogIn -->
