<?xml version="1.0" encoding="UTF-8"?>
<!-- Generated by org.testng.reporters.JUnitReportReporter -->
<testsuite skipped="0" hostname="LAPTOP-19BM5E17" name="demoTest.LogIn3" tests="1" failures="0" timestamp="13 Aug 2017 16:34:03 GMT" time="5.480" errors="0">
  <testcase name="LogIn1" time="5.480" classname="demoTest.LogIn3"/>
</testsuite> <!-- demoTest.LogIn3 -->
