<?xml version="1.0" encoding="UTF-8"?>
<!-- Generated by org.testng.reporters.JUnitReportReporter -->
<testsuite skipped="0" hostname="LAPTOP-19BM5E17" name="demoTest.LogIn2" tests="1" failures="0" timestamp="13 Aug 2017 16:34:03 GMT" time="4.989" errors="0">
  <testcase name="LogIn1" time="4.989" classname="demoTest.LogIn2"/>
</testsuite> <!-- demoTest.LogIn2 -->
