<?xml version="1.0" encoding="UTF-8"?>
<!-- Generated by org.testng.reporters.JUnitReportReporter -->
<testsuite skipped="0" hostname="LAPTOP-19BM5E17" name="demoTest.LogIn3" tests="1" failures="0" timestamp="13 Aug 2017 15:59:42 GMT" time="4.042" errors="0">
  <testcase name="LogIn1" time="4.042" classname="demoTest.LogIn3"/>
</testsuite> <!-- demoTest.LogIn3 -->
